

times in msec
 clock   self+sourced   self:  sourced script
 clock   elapsed:              other lines

000.014  000.014: --- VIM STARTING ---
000.150  000.136: Allocated generic buffers
000.716  000.566: locale set
000.720  000.004: clipboard setup
000.728  000.008: window checked
001.429  000.701: inits 1
001.444  000.015: parsing arguments
001.445  000.001: expanding arguments
009.397  007.952: shell init
011.757  002.360: Termcap init
011.813  000.056: inits 2
012.125  000.312: init highlight
017.252  002.608  002.608: sourcing /usr/local/share/vim/vim82/syntax/syncolor.vim
017.434  003.388  000.780: sourcing /usr/local/share/vim/vim82/syntax/synload.vim
026.066  008.520  008.520: sourcing /usr/local/share/vim/vim82/filetype.vim
026.120  012.679  000.771: sourcing /usr/local/share/vim/vim82/syntax/syntax.vim
026.247  000.022  000.022: sourcing /usr/local/share/vim/vim82/filetype.vim
026.774  000.445  000.445: sourcing /usr/local/share/vim/vim82/ftplugin.vim
027.315  000.414  000.414: sourcing /usr/local/share/vim/vim82/indent.vim
028.563  000.381  000.381: sourcing /usr/local/share/vim/vim82/syntax/syncolor.vim
028.977  000.184  000.184: sourcing /usr/local/share/vim/vim82/syntax/syncolor.vim
029.533  000.285  000.285: sourcing /usr/local/share/vim/vim82/syntax/syncolor.vim
029.873  000.181  000.181: sourcing /usr/local/share/vim/vim82/syntax/syncolor.vim
030.078  002.489  001.458: sourcing /usr/local/share/vim/vim82/colors/slate.vim
087.301  004.215  004.215: sourcing /Users/david/.vim/autoload/plug.vim
097.237  002.830  002.830: sourcing /usr/local/share/vim/vim82/ftoff.vim
100.180  000.402  000.402: sourcing /Users/david/.vim/plugged/dart-vim-plugin/ftdetect/dart.vim
106.760  000.243  000.243: sourcing /Users/david/.vim/plugged/vader.vim/ftdetect/vader.vim
120.930  000.220  000.220: sourcing /Users/david/.vim/plugged/vim-ft-vroom/ftdetect/vroom.vim
123.452  001.394  001.394: sourcing /Users/david/.vim/plugged/i3-vim-syntax/ftdetect/i3.vim
125.088  000.370  000.370: sourcing /Users/david/.vim/plugged/vim-soy/ftdetect/soy.vim
126.763  000.385  000.385: sourcing /Users/david/.vim/plugged/tmux.vim/ftdetect/tmux.vim
127.747  000.223  000.223: sourcing /Users/david/.vim/plugged/vim-toml/ftdetect/toml.vim
128.503  000.233  000.233: sourcing /Users/david/.vim/plugged/typescript-vim/ftdetect/typescript.vim
129.193  000.203  000.203: sourcing /Users/david/.vim/plugged/vim-vtd/ftdetect/vtd.vim
129.454  017.009  013.981: sourcing /usr/local/share/vim/vim82/filetype.vim
129.801  000.017  000.017: sourcing /usr/local/share/vim/vim82/ftplugin.vim
130.094  000.013  000.013: sourcing /usr/local/share/vim/vim82/indent.vim
133.019  000.702  000.702: sourcing /Users/david/.vim/plugged/vim-maktaba/autoload/maktaba/path.vim
134.287  000.832  000.832: sourcing /Users/david/.vim/plugged/vim-maktaba/autoload/maktaba/ensure.vim
135.623  000.575  000.575: sourcing /Users/david/.vim/plugged/vim-maktaba/autoload/maktaba/enum.vim
136.469  000.685  000.685: sourcing /Users/david/.vim/plugged/vim-maktaba/autoload/maktaba/value.vim
137.350  002.640  001.380: sourcing /Users/david/.vim/plugged/vim-maktaba/autoload/maktaba/log.vim
138.869  000.950  000.950: sourcing /Users/david/.vim/plugged/vim-maktaba/autoload/maktaba/json.vim
139.288  000.282  000.282: sourcing /Users/david/.vim/plugged/vim-maktaba/autoload/maktaba/string.vim
140.484  000.575  000.575: sourcing /Users/david/.vim/plugged/vim-maktaba/autoload/maktaba/rtp.vim
142.895  000.628  000.628: sourcing /Users/david/.vim/plugged/vim-maktaba/autoload/maktaba/error.vim
143.683  000.230  000.230: sourcing /Users/david/.vim/plugged/vim-maktaba/autoload/maktaba/reflist.vim
143.801  011.943  005.104: sourcing /Users/david/.vim/plugged/vim-maktaba/autoload/maktaba.vim
143.819  013.580  001.637: sourcing /Users/david/.vim/plugged/vim-maktaba/autoload/maktaba/plugin.vim
149.881  001.206  001.206: sourcing /Users/david/.vim/plugged/vim-maktaba/autoload/maktaba/setting.vim
150.655  000.549  000.549: sourcing /Users/david/.vim/plugged/vim-maktaba/autoload/maktaba/flags.vim
164.464  001.451  001.451: sourcing /Users/david/.vim/plugged/vim-syncopate/instant/flags.vim
197.522  000.420  000.420: sourcing /Users/david/.vim/plugged/vim-vtd/autoload/vtd.vim
197.798  001.915  001.495: sourcing /Users/david/.vim/plugged/vim-vtd/instant/flags.vim
223.390  003.023  003.023: sourcing /Users/david/.vim/plugged/vim-coverage/instant/flags.vim
234.805  000.630  000.630: sourcing /Users/david/.vim/plugged/vim-glaive/autoload/glaive.vim
237.213  001.483  001.483: sourcing /Users/david/.vim/plugged/vim-glaive/plugin/commands.vim
238.133  225.218  160.603: sourcing $HOME/.vimrc
238.144  000.801: sourcing vimrc file(s)
239.721  000.605  000.605: sourcing /Users/david/.vim/plugged/vim-glaive/plugin/commands.vim
240.638  000.291  000.291: sourcing /Users/david/.vim/plugged/vimproc.vim/plugin/vimproc.vim
242.108  000.918  000.918: sourcing /Users/david/.vim/plugged/securemodelines/plugin/securemodelines.vim
243.929  001.189  001.189: sourcing /Users/david/.vim/plugged/editorconfig-vim/plugin/editorconfig.vim
245.741  001.035  001.035: sourcing /Users/david/.vim/plugged/vim-projectionist/plugin/projectionist.vim
262.258  015.643  015.643: sourcing /Users/david/.vim/plugged/vim-unimpaired/plugin/unimpaired.vim
264.345  001.430  001.430: sourcing /Users/david/.skim/plugin/skim.vim
266.541  001.574  001.574: sourcing /Users/david/.vim/plugged/skim.vim/plugin/fzf.vim
268.948  001.800  001.800: sourcing /Users/david/.vim/plugged/vim-abolish/plugin/abolish.vim
269.884  000.328  000.328: sourcing /Users/david/.vim/plugged/vim-bracketed-paste/plugin/bracketed-paste.vim
272.475  001.415  001.415: sourcing /Users/david/.vim/plugged/vim-textobj-user/autoload/textobj/user.vim
274.358  003.772  002.357: sourcing /Users/david/.vim/plugged/vim-textobj-variable-segment/plugin/textobj/variable-segment.vim
275.591  001.026  001.026: sourcing /Users/david/.vim/plugged/vim-syncopate/plugin/commands.vim
277.105  001.428  001.428: sourcing /Users/david/.vim/plugged/vim-syncopate/plugin/mappings.vim
279.895  002.042  002.042: sourcing /Users/david/.vim/plugged/vim-vtd/plugin/commands.vim
281.709  001.662  001.662: sourcing /Users/david/.vim/plugged/vim-vtd/plugin/mappings.vim
323.692  041.831  041.831: sourcing /Users/david/.vim/plugged/vim-vtd/plugin/vtd.vim
325.146  001.003  001.003: sourcing /Users/david/.vim/plugged/vim-vinegar/plugin/vinegar.vim
325.890  000.296  000.296: sourcing /Users/david/.vim/plugged/vim-snippets/plugin/vimsnippets.vim
328.005  000.809  000.809: sourcing /Users/david/.vim/plugged/vim-test/autoload/test.vim
329.153  002.588  001.779: sourcing /Users/david/.vim/plugged/vim-test/plugin/test.vim
330.780  001.179  001.179: sourcing /Users/david/.vim/plugged/vim-scriptease/plugin/scriptease.vim
332.055  001.040  001.040: sourcing /Users/david/.vim/plugged/vim-coverage/plugin/commands.vim
333.928  000.607  000.607: sourcing /Users/david/.vim/plugged/vim-maktaba/autoload/maktaba/extension.vim
335.108  000.866  000.866: sourcing /Users/david/.vim/plugged/vim-maktaba/autoload/maktaba/function.vim
335.970  000.290  000.290: sourcing /Users/david/.vim/plugged/vim-coverage/autoload/coverage/python.vim
337.205  000.796  000.796: sourcing /Users/david/.vim/plugged/vim-coverage/autoload/coverage.vim
337.830  000.251  000.251: sourcing /Users/david/.vim/plugged/vim-coverage/autoload/coverage/vim.vim
338.064  005.925  003.115: sourcing /Users/david/.vim/plugged/vim-coverage/plugin/coverage.vim
339.240  001.082  001.082: sourcing /Users/david/.vim/plugged/vim-coverage/plugin/mappings.vim
340.901  000.837  000.837: sourcing /Users/david/.vim/plugged/vim-signify/plugin/signify.vim
343.944  000.742  000.742: sourcing /Users/david/.vim/plugged/ale/autoload/ale/events.vim
344.290  002.760  002.018: sourcing /Users/david/.vim/plugged/ale/plugin/ale.vim
345.175  000.243  000.243: sourcing /Users/david/.vim/plugged/vim-vimlint/plugin/vimlint.vim
347.593  001.554  001.554: sourcing /Users/david/.vim/plugged/vim-lsp/plugin/lsp.vim
350.802  002.147  002.147: sourcing /Users/david/.vim/plugged/vim-lsp-settings/autoload/lsp_settings.vim
351.490  000.281  000.281: sourcing /Users/david/.vim/plugged/vim-lsp-settings/autoload/lsp_settings/utils.vim
356.455  000.339  000.339: sourcing /Users/david/.vim/plugged/vim-lsp-settings/autoload/lsp_settings/profile.vim
358.525  001.733  001.733: sourcing /Users/david/.vim/plugged/vim-lsp/autoload/lsp/utils.vim
360.090  012.050  007.550: sourcing /Users/david/.vim/plugged/vim-lsp-settings/plugin/lsp_settings.vim
360.968  000.460  000.460: sourcing /Users/david/.vim/plugged/asyncomplete.vim/plugin/asyncomplete.vim
361.972  000.538  000.538: sourcing /Users/david/.vim/plugged/asyncomplete-lsp.vim/plugin/asyncomplete-lsp.vim
364.002  001.391  001.391: sourcing /Users/david/.vim/plugged/vim-vebugger/plugin/vebugger.vim
365.840  000.481  000.481: sourcing /usr/local/share/vim/vim82/plugin/getscriptPlugin.vim
366.595  000.630  000.630: sourcing /usr/local/share/vim/vim82/plugin/gzip.vim
367.598  000.899  000.899: sourcing /usr/local/share/vim/vim82/plugin/logiPat.vim
367.985  000.287  000.287: sourcing /usr/local/share/vim/vim82/plugin/manpager.vim
369.000  000.913  000.913: sourcing /usr/local/share/vim/vim82/plugin/matchparen.vim
370.568  001.457  001.457: sourcing /usr/local/share/vim/vim82/plugin/netrwPlugin.vim
370.942  000.252  000.252: sourcing /usr/local/share/vim/vim82/plugin/rrhelper.vim
371.325  000.258  000.258: sourcing /usr/local/share/vim/vim82/plugin/spellfile.vim
371.998  000.552  000.552: sourcing /usr/local/share/vim/vim82/plugin/tarPlugin.vim
372.806  000.692  000.692: sourcing /usr/local/share/vim/vim82/plugin/tohtml.vim
373.511  000.590  000.590: sourcing /usr/local/share/vim/vim82/plugin/vimballPlugin.vim
374.156  000.518  000.518: sourcing /usr/local/share/vim/vim82/plugin/zipPlugin.vim
374.170  018.977: loading plugins
374.280  000.110: loading packages
374.326  000.046: loading after plugins
374.340  000.014: inits 3
374.621  000.281: reading viminfo
374.670  000.049: setting raw mode
374.671  000.001: start termcap
374.707  000.036: clearing screen
376.404  001.163  001.163: sourcing /Users/david/.vim/plugged/ale/autoload/ale.vim
376.526  000.656: opening buffers
377.616  000.745  000.745: sourcing /Users/david/.vim/plugged/vim-signify/autoload/sy.vim
380.064  001.858  001.858: sourcing /Users/david/.vim/plugged/asyncomplete.vim/autoload/asyncomplete.vim
380.955  000.391  000.391: sourcing /Users/david/.vim/plugged/asyncomplete.vim/autoload/asyncomplete/utils/_on_change/textchangedp.vim
382.255  000.500  000.500: sourcing /Users/david/.vim/plugged/asyncomplete-emoji.vim/autoload/asyncomplete/sources/emoji.vim
382.418  002.398: BufEnter autocommands
382.426  000.008: editing files in windows
