

times in msec
 clock   self+sourced   self:  sourced script
 clock   elapsed:              other lines

000.010  000.010: --- NVIM STARTING ---
000.899  000.889: locale set
001.376  000.477: inits 1
001.398  000.022: window checked
001.405  000.006: parsing arguments
001.623  000.219: expanding arguments
001.706  000.083: inits 2
002.242  000.536: init highlight
002.398  000.156: waiting for UI
004.663  002.265: done waiting for UI
004.690  000.027: initialized screen early for UI
005.588  000.327  000.327: sourcing /usr/local/Cellar/neovim/0.4.3/share/nvim/runtime/syntax/syncolor.vim
005.718  000.564  000.237: sourcing /usr/local/Cellar/neovim/0.4.3/share/nvim/runtime/syntax/synload.vim
012.441  006.628  006.628: sourcing /usr/local/Cellar/neovim/0.4.3/share/nvim/runtime/filetype.vim
012.501  007.490  000.298: sourcing /usr/local/Cellar/neovim/0.4.3/share/nvim/runtime/syntax/syntax.vim
012.616  000.017  000.017: sourcing /usr/local/Cellar/neovim/0.4.3/share/nvim/runtime/filetype.vim
012.750  000.044  000.044: sourcing /usr/local/Cellar/neovim/0.4.3/share/nvim/runtime/ftplugin.vim
012.876  000.036  000.036: sourcing /usr/local/Cellar/neovim/0.4.3/share/nvim/runtime/indent.vim
013.489  000.161  000.161: sourcing /usr/local/Cellar/neovim/0.4.3/share/nvim/runtime/syntax/syncolor.vim
014.320  000.177  000.177: sourcing /usr/local/Cellar/neovim/0.4.3/share/nvim/runtime/syntax/syncolor.vim
015.592  000.240  000.240: sourcing /usr/local/Cellar/neovim/0.4.3/share/nvim/runtime/syntax/syncolor.vim
016.374  000.203  000.203: sourcing /usr/local/Cellar/neovim/0.4.3/share/nvim/runtime/syntax/syncolor.vim
017.275  004.274  003.492: sourcing /usr/local/Cellar/neovim/0.4.3/share/nvim/runtime/colors/slate.vim
062.810  001.700  001.700: sourcing /Users/david/.config/nvim/autoload/plug.vim
066.964  000.091  000.091: sourcing /usr/local/Cellar/neovim/0.4.3/share/nvim/runtime/autoload/provider/pythonx.vim
157.688  000.226  000.226: sourcing /usr/local/Cellar/neovim/0.4.3/share/nvim/runtime/autoload/remote/host.vim
157.814  091.038  090.720: sourcing /usr/local/Cellar/neovim/0.4.3/share/nvim/runtime/autoload/provider/python.vim
162.412  002.250  002.250: sourcing /usr/local/Cellar/neovim/0.4.3/share/nvim/runtime/ftoff.vim
163.180  000.042  000.042: sourcing /Users/david/.vim/plugged/dart-vim-plugin/ftdetect/dart.vim
164.295  000.028  000.028: sourcing /Users/david/.vim/plugged/vader.vim/ftdetect/vader.vim
175.270  000.020  000.020: sourcing /Users/david/.vim/plugged/vim-ft-vroom/ftdetect/vroom.vim
175.468  000.070  000.070: sourcing /Users/david/.vim/plugged/i3-vim-syntax/ftdetect/i3.vim
175.581  000.016  000.016: sourcing /Users/david/.vim/plugged/vim-soy/ftdetect/soy.vim
175.693  000.022  000.022: sourcing /Users/david/.vim/plugged/tmux.vim/ftdetect/tmux.vim
175.819  000.035  000.035: sourcing /Users/david/.vim/plugged/vim-toml/ftdetect/toml.vim
175.932  000.021  000.021: sourcing /Users/david/.vim/plugged/typescript-vim/ftdetect/typescript.vim
176.207  006.984  006.799: sourcing /usr/local/Cellar/neovim/0.4.3/share/nvim/runtime/filetype.vim
176.465  000.016  000.016: sourcing /usr/local/Cellar/neovim/0.4.3/share/nvim/runtime/ftplugin.vim
176.713  000.015  000.015: sourcing /usr/local/Cellar/neovim/0.4.3/share/nvim/runtime/indent.vim
177.785  000.244  000.244: sourcing /Users/david/.vim/plugged/vim-maktaba/autoload/maktaba/path.vim
178.391  000.226  000.226: sourcing /Users/david/.vim/plugged/vim-maktaba/autoload/maktaba/ensure.vim
178.879  000.089  000.089: sourcing /Users/david/.vim/plugged/vim-maktaba/autoload/maktaba/enum.vim
179.183  000.201  000.201: sourcing /Users/david/.vim/plugged/vim-maktaba/autoload/maktaba/value.vim
179.692  000.992  000.701: sourcing /Users/david/.vim/plugged/vim-maktaba/autoload/maktaba/log.vim
180.207  000.258  000.258: sourcing /Users/david/.vim/plugged/vim-maktaba/autoload/maktaba/json.vim
180.347  000.049  000.049: sourcing /Users/david/.vim/plugged/vim-maktaba/autoload/maktaba/string.vim
180.963  000.129  000.129: sourcing /Users/david/.vim/plugged/vim-maktaba/autoload/maktaba/rtp.vim
182.909  000.167  000.167: sourcing /Users/david/.vim/plugged/vim-maktaba/autoload/maktaba/error.vim
183.487  000.042  000.042: sourcing /Users/david/.vim/plugged/vim-maktaba/autoload/maktaba/reflist.vim
183.578  006.149  004.043: sourcing /Users/david/.vim/plugged/vim-maktaba/autoload/maktaba.vim
183.590  006.729  000.581: sourcing /Users/david/.vim/plugged/vim-maktaba/autoload/maktaba/plugin.vim
190.133  000.341  000.341: sourcing /Users/david/.vim/plugged/vim-maktaba/autoload/maktaba/setting.vim
190.384  000.109  000.109: sourcing /Users/david/.vim/plugged/vim-maktaba/autoload/maktaba/flags.vim
199.792  001.070  001.070: sourcing /Users/david/.vim/plugged/vim-syncopate/instant/flags.vim
257.691  002.120  002.120: sourcing /Users/david/.vim/plugged/vim-coverage/instant/flags.vim
267.059  000.139  000.139: sourcing /Users/david/.vim/plugged/vim-glaive/autoload/glaive.vim
268.504  000.694  000.694: sourcing /Users/david/.vim/plugged/vim-glaive/plugin/commands.vim
269.233  264.350  139.215: sourcing /Users/david/.config/nvim/init.vim
269.243  000.204: sourcing vimrc file(s)
270.039  000.507  000.507: sourcing /Users/david/.vim/plugged/vim-glaive/plugin/commands.vim
270.260  000.070  000.070: sourcing /Users/david/.vim/plugged/vimproc.vim/plugin/vimproc.vim
270.771  000.303  000.303: sourcing /Users/david/.vim/plugged/securemodelines/plugin/securemodelines.vim
271.543  000.626  000.626: sourcing /Users/david/.vim/plugged/editorconfig-vim/plugin/editorconfig.vim
271.972  000.275  000.275: sourcing /Users/david/.vim/plugged/vim-projectionist/plugin/projectionist.vim
283.973  011.857  011.857: sourcing /Users/david/.vim/plugged/vim-unimpaired/plugin/unimpaired.vim
284.807  000.680  000.680: sourcing /Users/david/.skim/plugin/skim.vim
285.890  000.930  000.930: sourcing /Users/david/.vim/plugged/skim.vim/plugin/fzf.vim
286.781  000.735  000.735: sourcing /Users/david/.vim/plugged/vim-abolish/plugin/abolish.vim
287.010  000.070  000.070: sourcing /Users/david/.vim/plugged/vim-bracketed-paste/plugin/bracketed-paste.vim
287.938  000.526  000.526: sourcing /Users/david/.vim/plugged/vim-textobj-user/autoload/textobj/user.vim
289.521  002.275  001.750: sourcing /Users/david/.vim/plugged/vim-textobj-variable-segment/plugin/textobj/variable-segment.vim
290.378  000.677  000.677: sourcing /Users/david/.vim/plugged/vim-syncopate/plugin/commands.vim
291.438  001.000  001.000: sourcing /Users/david/.vim/plugged/vim-syncopate/plugin/mappings.vim
291.902  000.302  000.302: sourcing /Users/david/.vim/plugged/vim-vinegar/plugin/vinegar.vim
292.095  000.043  000.043: sourcing /Users/david/.vim/plugged/vim-snippets/plugin/vimsnippets.vim
292.633  000.141  000.141: sourcing /Users/david/.vim/plugged/vim-test/autoload/test.vim
293.517  001.285  001.144: sourcing /Users/david/.vim/plugged/vim-test/plugin/test.vim
294.242  000.572  000.572: sourcing /Users/david/.vim/plugged/vim-scriptease/plugin/scriptease.vim
295.154  000.705  000.705: sourcing /Users/david/.vim/plugged/vim-coverage/plugin/commands.vim
296.133  000.122  000.122: sourcing /Users/david/.vim/plugged/vim-maktaba/autoload/maktaba/extension.vim
296.594  000.238  000.238: sourcing /Users/david/.vim/plugged/vim-maktaba/autoload/maktaba/function.vim
297.051  000.062  000.062: sourcing /Users/david/.vim/plugged/vim-coverage/autoload/coverage/python.vim
297.575  000.233  000.233: sourcing /Users/david/.vim/plugged/vim-coverage/autoload/coverage.vim
297.822  000.031  000.031: sourcing /Users/david/.vim/plugged/vim-coverage/autoload/coverage/vim.vim
298.008  002.793  002.106: sourcing /Users/david/.vim/plugged/vim-coverage/plugin/coverage.vim
298.726  000.663  000.663: sourcing /Users/david/.vim/plugged/vim-coverage/plugin/mappings.vim
299.292  000.409  000.409: sourcing /Users/david/.vim/plugged/vim-signify/plugin/signify.vim
300.295  000.111  000.111: sourcing /Users/david/.vim/plugged/ale/autoload/ale/events.vim
300.610  001.168  001.056: sourcing /Users/david/.vim/plugged/ale/plugin/ale.vim
300.806  000.047  000.047: sourcing /Users/david/.vim/plugged/vim-vimlint/plugin/vimlint.vim
301.718  000.754  000.754: sourcing /Users/david/.vim/plugged/vim-lsp/plugin/lsp.vim
303.175  001.005  001.005: sourcing /Users/david/.vim/plugged/vim-lsp-settings/autoload/lsp_settings.vim
303.550  000.134  000.134: sourcing /Users/david/.vim/plugged/vim-lsp-settings/autoload/lsp_settings/utils.vim
307.835  000.141  000.141: sourcing /Users/david/.vim/plugged/vim-lsp-settings/autoload/lsp_settings/profile.vim
308.889  000.849  000.849: sourcing /Users/david/.vim/plugged/vim-lsp/autoload/lsp/utils.vim
310.609  008.693  006.563: sourcing /Users/david/.vim/plugged/vim-lsp-settings/plugin/lsp_settings.vim
311.288  000.389  000.389: sourcing /Users/david/.vim/plugged/asyncomplete.vim/plugin/asyncomplete.vim
311.894  000.379  000.379: sourcing /Users/david/.vim/plugged/asyncomplete-lsp.vim/plugin/asyncomplete-lsp.vim
312.524  000.424  000.424: sourcing /Users/david/.vim/plugged/vim-vebugger/plugin/vebugger.vim
313.387  000.365  000.365: sourcing /usr/local/Cellar/neovim/0.4.3/share/nvim/runtime/plugin/gzip.vim
313.474  000.021  000.021: sourcing /usr/local/Cellar/neovim/0.4.3/share/nvim/runtime/plugin/health.vim
313.726  000.200  000.200: sourcing /usr/local/Cellar/neovim/0.4.3/share/nvim/runtime/plugin/man.vim
315.766  000.403  000.403: sourcing /usr/local/Cellar/neovim/0.4.3/share/nvim/runtime/pack/dist/opt/matchit/plugin/matchit.vim
315.849  002.068  001.665: sourcing /usr/local/Cellar/neovim/0.4.3/share/nvim/runtime/plugin/matchit.vim
316.198  000.278  000.278: sourcing /usr/local/Cellar/neovim/0.4.3/share/nvim/runtime/plugin/matchparen.vim
317.155  000.888  000.888: sourcing /usr/local/Cellar/neovim/0.4.3/share/nvim/runtime/plugin/netrwPlugin.vim
317.763  000.501  000.501: sourcing /usr/local/Cellar/neovim/0.4.3/share/nvim/runtime/plugin/rplugin.vim
318.299  000.391  000.391: sourcing /usr/local/Cellar/neovim/0.4.3/share/nvim/runtime/plugin/shada.vim
318.512  000.075  000.075: sourcing /usr/local/Cellar/neovim/0.4.3/share/nvim/runtime/plugin/spellfile.vim
319.082  000.451  000.451: sourcing /usr/local/Cellar/neovim/0.4.3/share/nvim/runtime/plugin/tarPlugin.vim
319.424  000.199  000.199: sourcing /usr/local/Cellar/neovim/0.4.3/share/nvim/runtime/plugin/tohtml.vim
319.686  000.141  000.141: sourcing /usr/local/Cellar/neovim/0.4.3/share/nvim/runtime/plugin/tutor.vim
320.486  000.648  000.648: sourcing /usr/local/Cellar/neovim/0.4.3/share/nvim/runtime/plugin/zipPlugin.vim
320.514  006.414: loading plugins
320.707  000.193: loading packages
320.823  000.115: loading after plugins
320.859  000.037: inits 3
324.025  003.166: reading ShaDa
324.795  000.370  000.370: sourcing /Users/david/.vim/plugged/ale/autoload/ale.vim
324.881  000.485: opening buffers
325.318  000.249  000.249: sourcing /Users/david/.vim/plugged/vim-signify/autoload/sy.vim
326.653  000.973  000.973: sourcing /Users/david/.vim/plugged/asyncomplete.vim/autoload/asyncomplete.vim
327.145  000.196  000.196: sourcing /Users/david/.vim/plugged/asyncomplete.vim/autoload/asyncomplete/utils/_on_change/textchangedp.vim
327.686  000.063  000.063: sourcing /Users/david/.vim/plugged/asyncomplete-emoji.vim/autoload/asyncomplete/sources/emoji.vim
327.787  001.425: BufEnter autocommands
327.790  000.003: editing files in windows
