

times in msec
 clock   self+sourced   self:  sourced script
 clock   elapsed:              other lines

000.014  000.014: --- NVIM STARTING ---
005.015  005.001: locale set
009.990  004.975: inits 1
010.008  000.019: window checked
010.236  000.227: parsing arguments
010.406  000.170: expanding arguments
010.480  000.074: inits 2
011.294  000.813: init highlight
013.731  000.509  000.509: sourcing /usr/share/nvim/runtime/syntax/syncolor.vim
014.018  001.077  000.568: sourcing /usr/share/nvim/runtime/syntax/synload.vim
024.697  010.330  010.330: sourcing /usr/share/nvim/runtime/filetype.vim
024.855  012.346  000.940: sourcing /usr/share/nvim/runtime/syntax/syntax.vim
025.072  000.043  000.043: sourcing /usr/share/nvim/runtime/filetype.vim
029.847  004.555  004.555: sourcing /usr/share/nvim/runtime/ftplugin.vim
030.373  000.270  000.270: sourcing /usr/share/nvim/runtime/indent.vim
032.387  000.525  000.525: sourcing /usr/share/nvim/runtime/syntax/syncolor.vim
034.209  000.433  000.433: sourcing /usr/share/nvim/runtime/syntax/syncolor.vim
036.437  000.409  000.409: sourcing /usr/share/nvim/runtime/syntax/syncolor.vim
037.244  000.219  000.219: sourcing /usr/share/nvim/runtime/syntax/syncolor.vim
037.995  007.325  005.740: sourcing /usr/share/nvim/runtime/colors/slate.vim
053.499  001.478  001.478: sourcing /home/dbarnett/.config/nvim/autoload/plug.vim
057.309  000.238  000.238: sourcing /usr/share/nvim/runtime/autoload/provider/pythonx.vim
095.295  038.427  038.188: sourcing /usr/share/nvim/runtime/autoload/provider/python.vim
098.657  001.541  001.541: sourcing /usr/share/nvim/runtime/ftoff.vim
099.795  000.034  000.034: sourcing /home/dbarnett/.vim/plugged/dart-vim-plugin/ftdetect/dart.vim
100.700  000.022  000.022: sourcing /home/dbarnett/.vim/plugged/vader.vim/ftdetect/vader.vim
109.756  000.015  000.015: sourcing /home/dbarnett/.vim/plugged/vim-ft-vroom/ftdetect/vroom.vim
109.907  000.102  000.102: sourcing /home/dbarnett/.vim/plugged/i3-vim-syntax/ftdetect/i3.vim
109.969  000.014  000.014: sourcing /home/dbarnett/.vim/plugged/vim-soy/ftdetect/soy.vim
110.031  000.018  000.018: sourcing /home/dbarnett/.vim/plugged/tmux.vim/ftdetect/tmux.vim
110.127  000.029  000.029: sourcing /home/dbarnett/.vim/plugged/vim-toml/ftdetect/toml.vim
110.194  000.017  000.017: sourcing /home/dbarnett/.vim/plugged/typescript-vim/ftdetect/typescript.vim
110.316  000.017  000.017: sourcing /home/dbarnett/.vim/plugged/vim-vtd/ftdetect/vtd.vim
110.511  005.628  005.415: sourcing /usr/share/nvim/runtime/filetype.vim
110.722  000.012  000.012: sourcing /usr/share/nvim/runtime/ftplugin.vim
110.921  000.010  000.010: sourcing /usr/share/nvim/runtime/indent.vim
111.745  000.231  000.231: sourcing /home/dbarnett/.vim/plugged/vim-maktaba/autoload/maktaba/path.vim
112.411  000.301  000.301: sourcing /home/dbarnett/.vim/plugged/vim-maktaba/autoload/maktaba/ensure.vim
112.798  000.075  000.075: sourcing /home/dbarnett/.vim/plugged/vim-maktaba/autoload/maktaba/enum.vim
113.038  000.171  000.171: sourcing /home/dbarnett/.vim/plugged/vim-maktaba/autoload/maktaba/value.vim
113.627  000.959  000.713: sourcing /home/dbarnett/.vim/plugged/vim-maktaba/autoload/maktaba/log.vim
114.123  000.270  000.270: sourcing /home/dbarnett/.vim/plugged/vim-maktaba/autoload/maktaba/json.vim
114.242  000.046  000.046: sourcing /home/dbarnett/.vim/plugged/vim-maktaba/autoload/maktaba/string.vim
114.853  000.150  000.150: sourcing /home/dbarnett/.vim/plugged/vim-maktaba/autoload/maktaba/rtp.vim
116.854  000.249  000.249: sourcing /home/dbarnett/.vim/plugged/vim-maktaba/autoload/maktaba/error.vim
117.403  000.057  000.057: sourcing /home/dbarnett/.vim/plugged/vim-maktaba/autoload/maktaba/reflist.vim
117.501  006.071  003.808: sourcing /home/dbarnett/.vim/plugged/vim-maktaba/autoload/maktaba.vim
117.511  006.505  000.434: sourcing /home/dbarnett/.vim/plugged/vim-maktaba/autoload/maktaba/plugin.vim
122.229  000.269  000.269: sourcing /home/dbarnett/.vim/plugged/vim-maktaba/autoload/maktaba/setting.vim
122.416  000.083  000.083: sourcing /home/dbarnett/.vim/plugged/vim-maktaba/autoload/maktaba/flags.vim
131.589  001.009  001.009: sourcing /home/dbarnett/.vim/plugged/vim-syncopate/instant/flags.vim
155.914  000.128  000.128: sourcing /home/dbarnett/.vim/plugged/vim-vtd/autoload/vtd.vim
155.941  000.772  000.644: sourcing /home/dbarnett/.vim/plugged/vim-vtd/instant/flags.vim
172.220  001.552  001.552: sourcing /home/dbarnett/.vim/plugged/vim-coverage/instant/flags.vim
180.332  000.124  000.124: sourcing /home/dbarnett/.vim/plugged/vim-glaive/autoload/glaive.vim
181.761  000.634  000.634: sourcing /home/dbarnett/.vim/plugged/vim-glaive/plugin/commands.vim
182.502  170.428  087.787: sourcing /home/dbarnett/.config/nvim/init.vim
182.521  000.799: sourcing vimrc file(s)
186.511  000.476  000.476: sourcing /home/dbarnett/.vim/plugged/vim-glaive/plugin/commands.vim
186.667  000.074  000.074: sourcing /home/dbarnett/.vim/plugged/vimproc.vim/plugin/vimproc.vim
187.092  000.298  000.298: sourcing /home/dbarnett/.vim/plugged/securemodelines/plugin/securemodelines.vim
187.564  000.404  000.404: sourcing /home/dbarnett/.vim/plugged/editorconfig-vim/plugin/editorconfig.vim
187.811  000.172  000.172: sourcing /home/dbarnett/.vim/plugged/vim-projectionist/plugin/projectionist.vim
197.077  009.168  009.168: sourcing /home/dbarnett/.vim/plugged/vim-unimpaired/plugin/unimpaired.vim
197.621  000.466  000.466: sourcing /home/dbarnett/.skim/plugin/skim.vim
198.415  000.713  000.713: sourcing /home/dbarnett/.vim/plugged/skim.vim/plugin/fzf.vim
199.095  000.585  000.585: sourcing /home/dbarnett/.vim/plugged/vim-abolish/plugin/abolish.vim
199.239  000.061  000.061: sourcing /home/dbarnett/.vim/plugged/vim-bracketed-paste/plugin/bracketed-paste.vim
199.850  000.380  000.380: sourcing /home/dbarnett/.vim/plugged/vim-textobj-user/autoload/textobj/user.vim
201.327  001.976  001.595: sourcing /home/dbarnett/.vim/plugged/vim-textobj-variable-segment/plugin/textobj/variable-segment.vim
201.983  000.559  000.559: sourcing /home/dbarnett/.vim/plugged/vim-syncopate/plugin/commands.vim
202.786  000.779  000.779: sourcing /home/dbarnett/.vim/plugged/vim-syncopate/plugin/mappings.vim
203.424  000.535  000.535: sourcing /home/dbarnett/.vim/plugged/vim-vtd/plugin/commands.vim
203.930  000.481  000.481: sourcing /home/dbarnett/.vim/plugged/vim-vtd/plugin/mappings.vim
204.451  000.498  000.498: sourcing /home/dbarnett/.vim/plugged/vim-vtd/plugin/vtd.vim
204.748  000.223  000.223: sourcing /home/dbarnett/.vim/plugged/vim-vinegar/plugin/vinegar.vim
204.853  000.035  000.035: sourcing /home/dbarnett/.vim/plugged/vim-snippets/plugin/vimsnippets.vim
205.230  000.107  000.107: sourcing /home/dbarnett/.vim/plugged/vim-test/autoload/test.vim
205.887  000.971  000.864: sourcing /home/dbarnett/.vim/plugged/vim-test/plugin/test.vim
206.402  000.433  000.433: sourcing /home/dbarnett/.vim/plugged/vim-scriptease/plugin/scriptease.vim
207.096  000.585  000.585: sourcing /home/dbarnett/.vim/plugged/vim-coverage/plugin/commands.vim
207.807  000.087  000.087: sourcing /home/dbarnett/.vim/plugged/vim-maktaba/autoload/maktaba/extension.vim
208.126  000.170  000.170: sourcing /home/dbarnett/.vim/plugged/vim-maktaba/autoload/maktaba/function.vim
208.457  000.046  000.046: sourcing /home/dbarnett/.vim/plugged/vim-coverage/autoload/coverage/python.vim
208.836  000.167  000.167: sourcing /home/dbarnett/.vim/plugged/vim-coverage/autoload/coverage.vim
209.018  000.024  000.024: sourcing /home/dbarnett/.vim/plugged/vim-coverage/autoload/coverage/vim.vim
209.157  002.036  001.542: sourcing /home/dbarnett/.vim/plugged/vim-coverage/plugin/coverage.vim
209.715  000.535  000.535: sourcing /home/dbarnett/.vim/plugged/vim-coverage/plugin/mappings.vim
210.111  000.320  000.320: sourcing /home/dbarnett/.vim/plugged/vim-signify/plugin/signify.vim
210.939  000.081  000.081: sourcing /home/dbarnett/.vim/plugged/ale/autoload/ale/events.vim
211.112  000.928  000.846: sourcing /home/dbarnett/.vim/plugged/ale/plugin/ale.vim
211.224  000.042  000.042: sourcing /home/dbarnett/.vim/plugged/vim-vimlint/plugin/vimlint.vim
212.003  000.692  000.692: sourcing /home/dbarnett/.vim/plugged/vim-lsp/plugin/lsp.vim
213.003  000.692  000.692: sourcing /home/dbarnett/.vim/plugged/vim-lsp-settings/autoload/lsp_settings.vim
213.221  000.039  000.039: sourcing /home/dbarnett/.vim/plugged/vim-lsp-settings/autoload/lsp_settings/utils.vim
216.796  000.052  000.052: sourcing /home/dbarnett/.vim/plugged/vim-lsp-settings/autoload/lsp_settings/profile.vim
217.674  000.724  000.724: sourcing /home/dbarnett/.vim/plugged/vim-lsp/autoload/lsp/utils.vim
220.106  001.443  001.443: sourcing /home/dbarnett/.vim/plugged/vim-lsp/autoload/lsp.vim
220.184  008.066  005.116: sourcing /home/dbarnett/.vim/plugged/vim-lsp-settings/plugin/lsp_settings.vim
220.403  000.140  000.140: sourcing /home/dbarnett/.vim/plugged/asyncomplete.vim/plugin/asyncomplete.vim
220.661  000.188  000.188: sourcing /home/dbarnett/.vim/plugged/asyncomplete-lsp.vim/plugin/asyncomplete-lsp.vim
221.084  000.346  000.346: sourcing /home/dbarnett/.vim/plugged/vim-vebugger/plugin/vebugger.vim
221.805  000.384  000.384: sourcing /usr/share/nvim/runtime/plugin/gzip.vim
221.966  000.138  000.138: sourcing /usr/share/nvim/runtime/plugin/health.vim
222.225  000.238  000.238: sourcing /usr/share/nvim/runtime/plugin/man.vim
223.079  000.833  000.833: sourcing /usr/share/nvim/runtime/plugin/matchit.vim
223.494  000.392  000.392: sourcing /usr/share/nvim/runtime/plugin/matchparen.vim
224.209  000.691  000.691: sourcing /usr/share/nvim/runtime/plugin/netrwPlugin.vim
224.586  000.349  000.349: sourcing /usr/share/nvim/runtime/plugin/rplugin.vim
224.883  000.272  000.272: sourcing /usr/share/nvim/runtime/plugin/shada.vim
225.102  000.189  000.189: sourcing /usr/share/nvim/runtime/plugin/spellfile.vim
225.422  000.292  000.292: sourcing /usr/share/nvim/runtime/plugin/tarPlugin.vim
225.685  000.235  000.235: sourcing /usr/share/nvim/runtime/plugin/tohtml.vim
225.802  000.093  000.093: sourcing /usr/share/nvim/runtime/plugin/tutor.vim
226.032  000.195  000.195: sourcing /usr/share/nvim/runtime/plugin/zipPlugin.vim
226.039  006.430: loading plugins
226.114  000.075: loading packages
226.169  000.055: loading after plugins
226.180  000.011: inits 3
227.606  001.426: reading ShaDa
228.408  000.802: clearing screen
229.337  000.322  000.322: sourcing /home/dbarnett/.vim/plugged/ale/autoload/ale.vim
229.399  000.669: opening buffers
229.727  000.203  000.203: sourcing /home/dbarnett/.vim/plugged/vim-signify/autoload/sy.vim
230.360  000.361  000.361: sourcing /home/dbarnett/.vim/plugged/asyncomplete.vim/autoload/asyncomplete.vim
230.630  000.047  000.047: sourcing /home/dbarnett/.vim/plugged/asyncomplete.vim/autoload/asyncomplete/utils/_on_change/textchangedp.vim
231.034  000.022  000.022: sourcing /home/dbarnett/.vim/plugged/asyncomplete-emoji.vim/autoload/asyncomplete/sources/emoji.vim
231.128  001.096: BufEnter autocommands
231.131  000.003: editing files in windows
