

times in msec
 clock   self+sourced   self:  sourced script
 clock   elapsed:              other lines

000.006  000.006: --- VIM STARTING ---
000.103  000.097: Allocated generic buffers
000.154  000.051: locale set
000.168  000.014: GUI prepared
000.173  000.005: clipboard setup
000.179  000.006: window checked
000.595  000.416: inits 1
000.625  000.030: parsing arguments
000.626  000.001: expanding arguments
000.654  000.028: shell init
000.935  000.281: Termcap init
000.977  000.042: inits 2
001.154  000.177: init highlight
001.637  000.316  000.316: sourcing /usr/share/vim/vim81/debian.vim
001.690  000.461  000.145: sourcing $VIM/vimrc
002.953  000.851  000.851: sourcing /usr/share/vim/vim81/syntax/syncolor.vim
003.072  001.058  000.207: sourcing /usr/share/vim/vim81/syntax/synload.vim
010.571  007.305  007.305: sourcing /usr/share/vim/vim81/filetype.vim
010.618  008.691  000.328: sourcing /usr/share/vim/vim81/syntax/syntax.vim
010.711  000.016  000.016: sourcing /usr/share/vim/vim81/filetype.vim
010.817  000.042  000.042: sourcing /usr/share/vim/vim81/ftplugin.vim
010.929  000.040  000.040: sourcing /usr/share/vim/vim81/indent.vim
011.407  000.182  000.182: sourcing /usr/share/vim/vim81/syntax/syncolor.vim
011.781  000.168  000.168: sourcing /usr/share/vim/vim81/syntax/syncolor.vim
012.235  000.187  000.187: sourcing /usr/share/vim/vim81/syntax/syncolor.vim
012.527  000.165  000.165: sourcing /usr/share/vim/vim81/syntax/syncolor.vim
012.732  001.704  001.002: sourcing /usr/share/vim/vim81/colors/slate.vim
030.226  001.672  001.672: sourcing /home/daviebdawg/.vim/autoload/plug.vim
037.871  001.242  001.242: sourcing /usr/share/vim/vim81/ftoff.vim
038.923  000.047  000.047: sourcing /home/daviebdawg/.vim/plugged/dart-vim-plugin/ftdetect/dart.vim
040.100  000.027  000.027: sourcing /home/daviebdawg/.vim/plugged/vader.vim/ftdetect/vader.vim
051.850  000.025  000.025: sourcing /home/daviebdawg/.vim/plugged/vim-ft-vroom/ftdetect/vroom.vim
052.181  000.243  000.243: sourcing /home/daviebdawg/.vim/plugged/i3-vim-syntax/ftdetect/i3.vim
052.282  000.020  000.020: sourcing /home/daviebdawg/.vim/plugged/vim-soy/ftdetect/soy.vim
052.367  000.022  000.022: sourcing /home/daviebdawg/.vim/plugged/tmux.vim/ftdetect/tmux.vim
052.470  000.038  000.038: sourcing /home/daviebdawg/.vim/plugged/vim-toml/ftdetect/toml.vim
052.554  000.019  000.019: sourcing /home/daviebdawg/.vim/plugged/typescript-vim/ftdetect/typescript.vim
052.735  000.023  000.023: sourcing /home/daviebdawg/.vim/plugged/vim-vtd/ftdetect/vtd.vim
053.002  007.861  007.471: sourcing /usr/share/vim/vim81/filetype.vim
053.655  000.030  000.030: sourcing /usr/share/vim/vim81/ftplugin.vim
053.975  000.016  000.016: sourcing /usr/share/vim/vim81/indent.vim
055.014  000.245  000.245: sourcing /home/daviebdawg/.vim/plugged/vim-maktaba/autoload/maktaba/path.vim
055.773  000.273  000.273: sourcing /home/daviebdawg/.vim/plugged/vim-maktaba/autoload/maktaba/ensure.vim
056.304  000.116  000.116: sourcing /home/daviebdawg/.vim/plugged/vim-maktaba/autoload/maktaba/enum.vim
056.595  000.199  000.199: sourcing /home/daviebdawg/.vim/plugged/vim-maktaba/autoload/maktaba/value.vim
057.104  001.019  000.704: sourcing /home/daviebdawg/.vim/plugged/vim-maktaba/autoload/maktaba/log.vim
057.615  000.250  000.250: sourcing /home/daviebdawg/.vim/plugged/vim-maktaba/autoload/maktaba/json.vim
057.739  000.049  000.049: sourcing /home/daviebdawg/.vim/plugged/vim-maktaba/autoload/maktaba/string.vim
058.345  000.120  000.120: sourcing /home/daviebdawg/.vim/plugged/vim-maktaba/autoload/maktaba/rtp.vim
059.876  000.162  000.162: sourcing /home/daviebdawg/.vim/plugged/vim-maktaba/autoload/maktaba/error.vim
060.360  000.041  000.041: sourcing /home/daviebdawg/.vim/plugged/vim-maktaba/autoload/maktaba/reflist.vim
060.444  005.805  003.646: sourcing /home/daviebdawg/.vim/plugged/vim-maktaba/autoload/maktaba.vim
060.453  006.355  000.550: sourcing /home/daviebdawg/.vim/plugged/vim-maktaba/autoload/maktaba/plugin.vim
064.503  000.295  000.295: sourcing /home/daviebdawg/.vim/plugged/vim-maktaba/autoload/maktaba/setting.vim
064.732  000.092  000.092: sourcing /home/daviebdawg/.vim/plugged/vim-maktaba/autoload/maktaba/flags.vim
074.556  000.973  000.973: sourcing /home/daviebdawg/.vim/plugged/vim-syncopate/instant/flags.vim
098.489  000.149  000.149: sourcing /home/daviebdawg/.vim/plugged/vim-vtd/autoload/vtd.vim
098.701  001.359  001.210: sourcing /home/daviebdawg/.vim/plugged/vim-vtd/instant/flags.vim
118.657  001.845  001.845: sourcing /home/daviebdawg/.vim/plugged/vim-coverage/instant/flags.vim
128.536  000.126  000.126: sourcing /home/daviebdawg/.vim/plugged/vim-glaive/autoload/glaive.vim
129.862  000.641  000.641: sourcing /home/daviebdawg/.vim/plugged/vim-glaive/plugin/commands.vim
130.510  128.759  095.685: sourcing $HOME/.vimrc
130.518  000.144: sourcing vimrc file(s)
131.192  000.490  000.490: sourcing /home/daviebdawg/.vim/plugged/vim-glaive/plugin/commands.vim
131.376  000.088  000.088: sourcing /home/daviebdawg/.vim/plugged/vimproc.vim/plugin/vimproc.vim
131.950  000.407  000.407: sourcing /home/daviebdawg/.vim/plugged/securemodelines/plugin/securemodelines.vim
132.565  000.520  000.520: sourcing /home/daviebdawg/.vim/plugged/editorconfig-vim/plugin/editorconfig.vim
132.882  000.196  000.196: sourcing /home/daviebdawg/.vim/plugged/vim-projectionist/plugin/projectionist.vim
144.274  011.297  011.297: sourcing /home/daviebdawg/.vim/plugged/vim-unimpaired/plugin/unimpaired.vim
145.187  000.770  000.770: sourcing /home/daviebdawg/.skim/plugin/skim.vim
146.343  001.019  001.019: sourcing /home/daviebdawg/.vim/plugged/skim.vim/plugin/fzf.vim
147.160  000.698  000.698: sourcing /home/daviebdawg/.vim/plugged/vim-abolish/plugin/abolish.vim
147.372  000.104  000.104: sourcing /home/daviebdawg/.vim/plugged/vim-bracketed-paste/plugin/bracketed-paste.vim
148.156  000.457  000.457: sourcing /home/daviebdawg/.vim/plugged/vim-textobj-user/autoload/textobj/user.vim
149.629  002.105  001.648: sourcing /home/daviebdawg/.vim/plugged/vim-textobj-variable-segment/plugin/textobj/variable-segment.vim
150.469  000.697  000.697: sourcing /home/daviebdawg/.vim/plugged/vim-syncopate/plugin/commands.vim
151.447  000.944  000.944: sourcing /home/daviebdawg/.vim/plugged/vim-syncopate/plugin/mappings.vim
152.272  000.681  000.681: sourcing /home/daviebdawg/.vim/plugged/vim-vtd/plugin/commands.vim
152.888  000.582  000.582: sourcing /home/daviebdawg/.vim/plugged/vim-vtd/plugin/mappings.vim
174.687  021.764  021.764: sourcing /home/daviebdawg/.vim/plugged/vim-vtd/plugin/vtd.vim
175.329  000.488  000.488: sourcing /home/daviebdawg/.vim/plugged/vim-vinegar/plugin/vinegar.vim
175.479  000.046  000.046: sourcing /home/daviebdawg/.vim/plugged/vim-snippets/plugin/vimsnippets.vim
175.994  000.127  000.127: sourcing /home/daviebdawg/.vim/plugged/vim-test/autoload/test.vim
176.790  001.224  001.097: sourcing /home/daviebdawg/.vim/plugged/vim-test/plugin/test.vim
177.696  000.781  000.781: sourcing /home/daviebdawg/.vim/plugged/vim-scriptease/plugin/scriptease.vim
178.567  000.719  000.719: sourcing /home/daviebdawg/.vim/plugged/vim-coverage/plugin/commands.vim
179.436  000.104  000.104: sourcing /home/daviebdawg/.vim/plugged/vim-maktaba/autoload/maktaba/extension.vim
179.867  000.251  000.251: sourcing /home/daviebdawg/.vim/plugged/vim-maktaba/autoload/maktaba/function.vim
180.321  000.056  000.056: sourcing /home/daviebdawg/.vim/plugged/vim-coverage/autoload/coverage/python.vim
180.804  000.200  000.200: sourcing /home/daviebdawg/.vim/plugged/vim-coverage/autoload/coverage.vim
181.064  000.030  000.030: sourcing /home/daviebdawg/.vim/plugged/vim-coverage/autoload/coverage/vim.vim
181.228  002.629  001.988: sourcing /home/daviebdawg/.vim/plugged/vim-coverage/plugin/coverage.vim
181.930  000.669  000.669: sourcing /home/daviebdawg/.vim/plugged/vim-coverage/plugin/mappings.vim
182.658  000.621  000.621: sourcing /home/daviebdawg/.vim/plugged/vim-signify/plugin/signify.vim
183.863  000.102  000.102: sourcing /home/daviebdawg/.vim/plugged/ale/autoload/ale/events.vim
184.179  001.415  001.313: sourcing /home/daviebdawg/.vim/plugged/ale/plugin/ale.vim
184.337  000.058  000.058: sourcing /home/daviebdawg/.vim/plugged/vim-vimlint/plugin/vimlint.vim
185.402  000.935  000.935: sourcing /home/daviebdawg/.vim/plugged/vim-lsp/plugin/lsp.vim
186.582  000.747  000.747: sourcing /home/daviebdawg/.vim/plugged/vim-lsp-settings/autoload/lsp_settings.vim
186.929  000.050  000.050: sourcing /home/daviebdawg/.vim/plugged/vim-lsp-settings/autoload/lsp_settings/utils.vim
191.171  000.089  000.089: sourcing /home/daviebdawg/.vim/plugged/vim-lsp-settings/autoload/lsp_settings/profile.vim
192.161  000.753  000.753: sourcing /home/daviebdawg/.vim/plugged/vim-lsp/autoload/lsp/utils.vim
194.946  001.478  001.478: sourcing /home/daviebdawg/.vim/plugged/vim-lsp/autoload/lsp.vim
195.026  009.506  006.389: sourcing /home/daviebdawg/.vim/plugged/vim-lsp-settings/plugin/lsp_settings.vim
195.311  000.173  000.173: sourcing /home/daviebdawg/.vim/plugged/asyncomplete.vim/plugin/asyncomplete.vim
195.604  000.200  000.200: sourcing /home/daviebdawg/.vim/plugged/asyncomplete-lsp.vim/plugin/asyncomplete-lsp.vim
196.201  000.495  000.495: sourcing /home/daviebdawg/.vim/plugged/vim-vebugger/plugin/vebugger.vim
196.665  000.085  000.085: sourcing /usr/share/vim/vim81/plugin/getscriptPlugin.vim
196.922  000.229  000.229: sourcing /usr/share/vim/vim81/plugin/gzip.vim
197.493  000.542  000.542: sourcing /usr/share/vim/vim81/plugin/logiPat.vim
197.577  000.049  000.049: sourcing /usr/share/vim/vim81/plugin/manpager.vim
197.872  000.268  000.268: sourcing /usr/share/vim/vim81/plugin/matchparen.vim
198.609  000.707  000.707: sourcing /usr/share/vim/vim81/plugin/netrwPlugin.vim
198.741  000.088  000.088: sourcing /usr/share/vim/vim81/plugin/rrhelper.vim
198.819  000.044  000.044: sourcing /usr/share/vim/vim81/plugin/spellfile.vim
199.066  000.217  000.217: sourcing /usr/share/vim/vim81/plugin/tarPlugin.vim
199.215  000.115  000.115: sourcing /usr/share/vim/vim81/plugin/tohtml.vim
199.462  000.214  000.214: sourcing /usr/share/vim/vim81/plugin/vimballPlugin.vim
199.689  000.188  000.188: sourcing /usr/share/vim/vim81/plugin/zipPlugin.vim
199.695  004.110: loading plugins
199.770  000.075: loading packages
199.816  000.046: loading after plugins
199.839  000.023: inits 3
200.034  000.195: reading viminfo
202.084  002.050: setup clipboard
202.119  000.035: setting raw mode
202.120  000.001: start termcap
202.260  000.140: clearing screen
203.282  000.400  000.400: sourcing /home/daviebdawg/.vim/plugged/ale/autoload/ale.vim
203.366  000.706: opening buffers
203.827  000.254  000.254: sourcing /home/daviebdawg/.vim/plugged/vim-signify/autoload/sy.vim
204.881  000.655  000.655: sourcing /home/daviebdawg/.vim/plugged/asyncomplete.vim/autoload/asyncomplete.vim
205.302  000.069  000.069: sourcing /home/daviebdawg/.vim/plugged/asyncomplete.vim/autoload/asyncomplete/utils/_on_change/textchangedp.vim
206.345  000.523  000.523: sourcing /home/daviebdawg/.vim/plugged/asyncomplete-emoji.vim/autoload/asyncomplete/sources/emoji.vim
206.473  001.606: BufEnter autocommands
206.475  000.002: editing files in windows
